Command line invocation:
    /Applications/Xcode.app/Contents/Developer/usr/bin/xcodebuild -project TradeFly.xcodeproj -scheme TradeFly -sdk iphonesimulator -destination "platform=iOS Simulator,id=970290EE-D1D1-4E19-AD7D-9DD8D70C51E5" build

Build settings from command line:
    SDKROOT = iphonesimulator26.1

Resolve Package Graph


Resolved source packages:
  Supabase: https://github.com/supabase/supabase-swift @ 2.37.0
  swift-asn1: https://github.com/apple/swift-asn1.git @ 1.5.0
  swift-http-types: https://github.com/apple/swift-http-types.git @ 1.5.1
  swift-crypto: https://github.com/apple/swift-crypto.git @ 4.2.0
  swift-clocks: https://github.com/pointfreeco/swift-clocks @ 1.0.6
  swift-concurrency-extras: https://github.com/pointfreeco/swift-concurrency-extras @ 1.3.2
  xctest-dynamic-overlay: https://github.com/pointfreeco/xctest-dynamic-overlay @ 1.7.0

2025-12-04 00:35:12.681 xcodebuild[49148:7904219] [MT] IDERunDestination: Supported platforms for the buildables in the current scheme is empty.
ComputePackagePrebuildTargetDependencyGraph

Prepare packages

CreateBuildRequest

SendProjectDescription

CreateBuildOperation

ComputeTargetDependencyGraph
note: Building targets in dependency order
note: Target dependency graph (23 targets)
    Target 'TradeFly' in project 'TradeFly'
        ➜ Explicit dependency on target 'Supabase' in project 'Supabase'
    Target 'Supabase' in project 'Supabase'
        ➜ Explicit dependency on target 'Supabase' in project 'Supabase'
        ➜ Explicit dependency on target 'Functions' in project 'Supabase'
        ➜ Explicit dependency on target 'PostgREST' in project 'Supabase'
        ➜ Explicit dependency on target 'Auth' in project 'Supabase'
        ➜ Explicit dependency on target 'Realtime' in project 'Supabase'
        ➜ Explicit dependency on target 'Storage' in project 'Supabase'
        ➜ Explicit dependency on target 'Helpers' in project 'Supabase'
        ➜ Explicit dependency on target 'ConcurrencyExtras' in project 'swift-concurrency-extras'
        ➜ Explicit dependency on target 'HTTPTypes' in project 'swift-http-types'
        ➜ Explicit dependency on target 'Clocks' in project 'swift-clocks'
        ➜ Explicit dependency on target 'XCTestDynamicOverlay' in project 'xctest-dynamic-overlay'
        ➜ Explicit dependency on target 'Crypto' in project 'swift-crypto'
        ➜ Explicit dependency on target 'IssueReporting' in project 'xctest-dynamic-overlay'
    Target 'Supabase' in project 'Supabase'
        ➜ Explicit dependency on target 'Helpers' in project 'Supabase'
        ➜ Explicit dependency on target 'Auth' in project 'Supabase'
        ➜ Explicit dependency on target 'Functions' in project 'Supabase'
        ➜ Explicit dependency on target 'PostgREST' in project 'Supabase'
        ➜ Explicit dependency on target 'Realtime' in project 'Supabase'
        ➜ Explicit dependency on target 'Storage' in project 'Supabase'
        ➜ Explicit dependency on target 'ConcurrencyExtras' in project 'swift-concurrency-extras'
        ➜ Explicit dependency on target 'HTTPTypes' in project 'swift-http-types'
        ➜ Explicit dependency on target 'Clocks' in project 'swift-clocks'
        ➜ Explicit dependency on target 'XCTestDynamicOverlay' in project 'xctest-dynamic-overlay'
        ➜ Explicit dependency on target 'Crypto' in project 'swift-crypto'
        ➜ Explicit dependency on target 'IssueReporting' in project 'xctest-dynamic-overlay'
    Target 'Storage' in project 'Supabase'
        ➜ Explicit dependency on target 'Helpers' in project 'Supabase'
        ➜ Explicit dependency on target 'ConcurrencyExtras' in project 'swift-concurrency-extras'
        ➜ Explicit dependency on target 'HTTPTypes' in project 'swift-http-types'
        ➜ Explicit dependency on target 'Clocks' in project 'swift-clocks'
        ➜ Explicit dependency on target 'XCTestDynamicOverlay' in project 'xctest-dynamic-overlay'
    Target 'Realtime' in project 'Supabase'
        ➜ Explicit dependency on target 'Helpers' in project 'Supabase'
        ➜ Explicit dependency on target 'ConcurrencyExtras' in project 'swift-concurrency-extras'
        ➜ Explicit dependency on target 'HTTPTypes' in project 'swift-http-types'
        ➜ Explicit dependency on target 'Clocks' in project 'swift-clocks'
        ➜ Explicit dependency on target 'XCTestDynamicOverlay' in project 'xctest-dynamic-overlay'
        ➜ Explicit dependency on target 'IssueReporting' in project 'xctest-dynamic-overlay'
    Target 'PostgREST' in project 'Supabase'
        ➜ Explicit dependency on target 'Helpers' in project 'Supabase'
        ➜ Explicit dependency on target 'ConcurrencyExtras' in project 'swift-concurrency-extras'
        ➜ Explicit dependency on target 'HTTPTypes' in project 'swift-http-types'
        ➜ Explicit dependency on target 'Clocks' in project 'swift-clocks'
        ➜ Explicit dependency on target 'XCTestDynamicOverlay' in project 'xctest-dynamic-overlay'
    Target 'Functions' in project 'Supabase'
        ➜ Explicit dependency on target 'Helpers' in project 'Supabase'
        ➜ Explicit dependency on target 'ConcurrencyExtras' in project 'swift-concurrency-extras'
        ➜ Explicit dependency on target 'HTTPTypes' in project 'swift-http-types'
        ➜ Explicit dependency on target 'Clocks' in project 'swift-clocks'
        ➜ Explicit dependency on target 'XCTestDynamicOverlay' in project 'xctest-dynamic-overlay'
    Target 'Auth' in project 'Supabase'
        ➜ Explicit dependency on target 'Helpers' in project 'Supabase'
        ➜ Explicit dependency on target 'ConcurrencyExtras' in project 'swift-concurrency-extras'
        ➜ Explicit dependency on target 'HTTPTypes' in project 'swift-http-types'
        ➜ Explicit dependency on target 'Clocks' in project 'swift-clocks'
        ➜ Explicit dependency on target 'XCTestDynamicOverlay' in project 'xctest-dynamic-overlay'
        ➜ Explicit dependency on target 'Crypto' in project 'swift-crypto'
    Target 'Crypto' in project 'swift-crypto'
        ➜ Explicit dependency on target 'Crypto' in project 'swift-crypto'
        ➜ Explicit dependency on target 'swift-crypto_Crypto' in project 'swift-crypto'
    Target 'Crypto' in project 'swift-crypto'
        ➜ Explicit dependency on target 'swift-crypto_Crypto' in project 'swift-crypto'
    Target 'swift-crypto_Crypto' in project 'swift-crypto' (no dependencies)
    Target 'Helpers' in project 'Supabase'
        ➜ Explicit dependency on target 'ConcurrencyExtras' in project 'swift-concurrency-extras'
        ➜ Explicit dependency on target 'HTTPTypes' in project 'swift-http-types'
        ➜ Explicit dependency on target 'Clocks' in project 'swift-clocks'
        ➜ Explicit dependency on target 'XCTestDynamicOverlay' in project 'xctest-dynamic-overlay'
    Target 'XCTestDynamicOverlay' in project 'xctest-dynamic-overlay'
        ➜ Explicit dependency on target 'XCTestDynamicOverlay' in project 'xctest-dynamic-overlay'
        ➜ Explicit dependency on target 'IssueReportingPackageSupport' in project 'xctest-dynamic-overlay'
        ➜ Explicit dependency on target 'IssueReporting' in project 'xctest-dynamic-overlay'
    Target 'XCTestDynamicOverlay' in project 'xctest-dynamic-overlay'
        ➜ Explicit dependency on target 'IssueReportingPackageSupport' in project 'xctest-dynamic-overlay'
        ➜ Explicit dependency on target 'IssueReporting' in project 'xctest-dynamic-overlay'
    Target 'Clocks' in project 'swift-clocks'
        ➜ Explicit dependency on target 'Clocks' in project 'swift-clocks'
        ➜ Explicit dependency on target 'ConcurrencyExtras' in project 'swift-concurrency-extras'
        ➜ Explicit dependency on target 'IssueReporting' in project 'xctest-dynamic-overlay'
    Target 'Clocks' in project 'swift-clocks'
        ➜ Explicit dependency on target 'ConcurrencyExtras' in project 'swift-concurrency-extras'
        ➜ Explicit dependency on target 'IssueReporting' in project 'xctest-dynamic-overlay'
    Target 'IssueReporting' in project 'xctest-dynamic-overlay'
        ➜ Explicit dependency on target 'IssueReporting' in project 'xctest-dynamic-overlay'
        ➜ Explicit dependency on target 'IssueReportingPackageSupport' in project 'xctest-dynamic-overlay'
    Target 'IssueReporting' in project 'xctest-dynamic-overlay'
        ➜ Explicit dependency on target 'IssueReportingPackageSupport' in project 'xctest-dynamic-overlay'
    Target 'IssueReportingPackageSupport' in project 'xctest-dynamic-overlay' (no dependencies)
    Target 'HTTPTypes' in project 'swift-http-types'
        ➜ Explicit dependency on target 'HTTPTypes' in project 'swift-http-types'
    Target 'HTTPTypes' in project 'swift-http-types' (no dependencies)
    Target 'ConcurrencyExtras' in project 'swift-concurrency-extras'
        ➜ Explicit dependency on target 'ConcurrencyExtras' in project 'swift-concurrency-extras'
    Target 'ConcurrencyExtras' in project 'swift-concurrency-extras' (no dependencies)

GatherProvisioningInputs

CreateBuildDescription

ExecuteExternalTool /Applications/Xcode.app/Contents/Developer/Toolchains/XcodeDefault.xctoolchain/usr/bin/swiftc --version

ExecuteExternalTool /Applications/Xcode.app/Contents/Developer/Toolchains/XcodeDefault.xctoolchain/usr/bin/clang -v -E -dM -isysroot /Applications/Xcode.app/Contents/Developer/Platforms/iPhoneSimulator.platform/Developer/SDKs/iPhoneSimulator26.1.sdk -x c -c /dev/null

ExecuteExternalTool /Applications/Xcode.app/Contents/Developer/usr/bin/actool --print-asset-tag-combinations --output-format xml1 /Users/rioallen/Documents/DropFly-OS-App-Builder/DropFly-PROJECTS/TradeFly-iOS/TradeFly/Resources/Assets.xcassets

ExecuteExternalTool /Applications/Xcode.app/Contents/Developer/Toolchains/XcodeDefault.xctoolchain/usr/bin/ld -version_details

ReadFileContents /Applications/Xcode.app/Contents/Developer/Toolchains/XcodeDefault.xctoolchain/usr/share/docc/features.json

ExecuteExternalTool /Applications/Xcode.app/Contents/Developer/usr/bin/actool --version --output-format xml1

Build description signature: 4c015e86f8c378507df63e6ba1199c84
Build description path: /Users/rioallen/Library/Developer/Xcode/DerivedData/TradeFly-cjeitwgqikminlegqmjwowkwbezn/Build/Intermediates.noindex/XCBuildData/4c015e86f8c378507df63e6ba1199c84.xcbuilddata
ClangStatCache /Applications/Xcode.app/Contents/Developer/Toolchains/XcodeDefault.xctoolchain/usr/bin/clang-stat-cache /Applications/Xcode.app/Contents/Developer/Platforms/iPhoneSimulator.platform/Developer/SDKs/iPhoneSimulator26.1.sdk /Users/rioallen/Library/Developer/Xcode/DerivedData/SDKStatCaches.noindex/iphonesimulator26.1-23B77-90cf18a4295e390e64c810bc6bd7acbc.sdkstatcache
    cd /Users/rioallen/Documents/DropFly-OS-App-Builder/DropFly-PROJECTS/TradeFly-iOS/TradeFly.xcodeproj
    /Applications/Xcode.app/Contents/Developer/Toolchains/XcodeDefault.xctoolchain/usr/bin/clang-stat-cache /Applications/Xcode.app/Contents/Developer/Platforms/iPhoneSimulator.platform/Developer/SDKs/iPhoneSimulator26.1.sdk -o /Users/rioallen/Library/Developer/Xcode/DerivedData/SDKStatCaches.noindex/iphonesimulator26.1-23B77-90cf18a4295e390e64c810bc6bd7acbc.sdkstatcache

ProcessInfoPlistFile /Users/rioallen/Library/Developer/Xcode/DerivedData/TradeFly-cjeitwgqikminlegqmjwowkwbezn/Build/Products/Debug-iphonesimulator/swift-crypto_Crypto.bundle/Info.plist /Users/rioallen/Library/Developer/Xcode/DerivedData/TradeFly-cjeitwgqikminlegqmjwowkwbezn/Build/Intermediates.noindex/swift-crypto.build/Debug-iphonesimulator/swift-crypto_Crypto.build/empty-swift-crypto_Crypto.plist (in target 'swift-crypto_Crypto' from project 'swift-crypto')
    cd /Users/rioallen/Library/Developer/Xcode/DerivedData/TradeFly-cjeitwgqikminlegqmjwowkwbezn/SourcePackages/checkouts/swift-crypto
    builtin-infoPlistUtility /Users/rioallen/Library/Developer/Xcode/DerivedData/TradeFly-cjeitwgqikminlegqmjwowkwbezn/Build/Intermediates.noindex/swift-crypto.build/Debug-iphonesimulator/swift-crypto_Crypto.build/empty-swift-crypto_Crypto.plist -producttype com.apple.product-type.bundle -expandbuildsettings -format binary -platform iphonesimulator -o /Users/rioallen/Library/Developer/Xcode/DerivedData/TradeFly-cjeitwgqikminlegqmjwowkwbezn/Build/Products/Debug-iphonesimulator/swift-crypto_Crypto.bundle/Info.plist

GenerateAssetSymbols /Users/rioallen/Documents/DropFly-OS-App-Builder/DropFly-PROJECTS/TradeFly-iOS/TradeFly/Resources/Assets.xcassets (in target 'TradeFly' from project 'TradeFly')
    cd /Users/rioallen/Documents/DropFly-OS-App-Builder/DropFly-PROJECTS/TradeFly-iOS
    /Applications/Xcode.app/Contents/Developer/usr/bin/actool /Users/rioallen/Documents/DropFly-OS-App-Builder/DropFly-PROJECTS/TradeFly-iOS/TradeFly/Resources/Assets.xcassets --compile /Users/rioallen/Library/Developer/Xcode/DerivedData/TradeFly-cjeitwgqikminlegqmjwowkwbezn/Build/Products/Debug-iphonesimulator/TradeFly.app --output-format human-readable-text --notices --warnings --export-dependency-info /Users/rioallen/Library/Developer/Xcode/DerivedData/TradeFly-cjeitwgqikminlegqmjwowkwbezn/Build/Intermediates.noindex/TradeFly.build/Debug-iphonesimulator/TradeFly.build/assetcatalog_dependencies --output-partial-info-plist /Users/rioallen/Library/Developer/Xcode/DerivedData/TradeFly-cjeitwgqikminlegqmjwowkwbezn/Build/Intermediates.noindex/TradeFly.build/Debug-iphonesimulator/TradeFly.build/assetcatalog_generated_info.plist --app-icon AppIcon --accent-color AccentColor --compress-pngs --enable-on-demand-resources YES --development-region en --target-device iphone --target-device ipad --minimum-deployment-target 17.0 --platform iphonesimulator --bundle-identifier com.tradefly.TradeFly --generate-swift-asset-symbols /Users/rioallen/Library/Developer/Xcode/DerivedData/TradeFly-cjeitwgqikminlegqmjwowkwbezn/Build/Intermediates.noindex/TradeFly.build/Debug-iphonesimulator/TradeFly.build/DerivedSources/GeneratedAssetSymbols.swift --generate-objc-asset-symbols /Users/rioallen/Library/Developer/Xcode/DerivedData/TradeFly-cjeitwgqikminlegqmjwowkwbezn/Build/Intermediates.noindex/TradeFly.build/Debug-iphonesimulator/TradeFly.build/DerivedSources/GeneratedAssetSymbols.h --generate-asset-symbol-index /Users/rioallen/Library/Developer/Xcode/DerivedData/TradeFly-cjeitwgqikminlegqmjwowkwbezn/Build/Intermediates.noindex/TradeFly.build/Debug-iphonesimulator/TradeFly.build/DerivedSources/GeneratedAssetSymbols-Index.plist
/* com.apple.actool.compilation-results */
/Users/rioallen/Library/Developer/Xcode/DerivedData/TradeFly-cjeitwgqikminlegqmjwowkwbezn/Build/Intermediates.noindex/TradeFly.build/Debug-iphonesimulator/TradeFly.build/DerivedSources/GeneratedAssetSymbols-Index.plist
/Users/rioallen/Library/Developer/Xcode/DerivedData/TradeFly-cjeitwgqikminlegqmjwowkwbezn/Build/Intermediates.noindex/TradeFly.build/Debug-iphonesimulator/TradeFly.build/DerivedSources/GeneratedAssetSymbols.h
/Users/rioallen/Library/Developer/Xcode/DerivedData/TradeFly-cjeitwgqikminlegqmjwowkwbezn/Build/Intermediates.noindex/TradeFly.build/Debug-iphonesimulator/TradeFly.build/DerivedSources/GeneratedAssetSymbols.swift


CompileAssetCatalogVariant thinned /Users/rioallen/Library/Developer/Xcode/DerivedData/TradeFly-cjeitwgqikminlegqmjwowkwbezn/Build/Products/Debug-iphonesimulator/TradeFly.app /Users/rioallen/Documents/DropFly-OS-App-Builder/DropFly-PROJECTS/TradeFly-iOS/TradeFly/Resources/Assets.xcassets (in target 'TradeFly' from project 'TradeFly')
    cd /Users/rioallen/Documents/DropFly-OS-App-Builder/DropFly-PROJECTS/TradeFly-iOS
    /Applications/Xcode.app/Contents/Developer/usr/bin/actool /Users/rioallen/Documents/DropFly-OS-App-Builder/DropFly-PROJECTS/TradeFly-iOS/TradeFly/Resources/Assets.xcassets --compile /Users/rioallen/Library/Developer/Xcode/DerivedData/TradeFly-cjeitwgqikminlegqmjwowkwbezn/Build/Intermediates.noindex/TradeFly.build/Debug-iphonesimulator/TradeFly.build/assetcatalog_output/thinned --output-format human-readable-text --notices --warnings --export-dependency-info /Users/rioallen/Library/Developer/Xcode/DerivedData/TradeFly-cjeitwgqikminlegqmjwowkwbezn/Build/Intermediates.noindex/TradeFly.build/Debug-iphonesimulator/TradeFly.build/assetcatalog_dependencies_thinned --output-partial-info-plist /Users/rioallen/Library/Developer/Xcode/DerivedData/TradeFly-cjeitwgqikminlegqmjwowkwbezn/Build/Intermediates.noindex/TradeFly.build/Debug-iphonesimulator/TradeFly.build/assetcatalog_generated_info.plist_thinned --app-icon AppIcon --accent-color AccentColor --compress-pngs --enable-on-demand-resources YES --filter-for-thinning-device-configuration iPhone18,1 --filter-for-device-os-version 26.1 --development-region en --target-device iphone --target-device ipad --minimum-deployment-target 17.0 --platform iphonesimulator

Copy /Users/rioallen/Library/Developer/Xcode/DerivedData/TradeFly-cjeitwgqikminlegqmjwowkwbezn/Build/Products/Debug-iphonesimulator/TradeFly.app/swift-crypto_Crypto.bundle /Users/rioallen/Library/Developer/Xcode/DerivedData/TradeFly-cjeitwgqikminlegqmjwowkwbezn/Build/Products/Debug-iphonesimulator/swift-crypto_Crypto.bundle (in target 'TradeFly' from project 'TradeFly')
    cd /Users/rioallen/Documents/DropFly-OS-App-Builder/DropFly-PROJECTS/TradeFly-iOS
    builtin-copy -exclude .DS_Store -exclude CVS -exclude .svn -exclude .git -exclude .hg -resolve-src-symlinks /Users/rioallen/Library/Developer/Xcode/DerivedData/TradeFly-cjeitwgqikminlegqmjwowkwbezn/Build/Products/Debug-iphonesimulator/swift-crypto_Crypto.bundle /Users/rioallen/Library/Developer/Xcode/DerivedData/TradeFly-cjeitwgqikminlegqmjwowkwbezn/Build/Products/Debug-iphonesimulator/TradeFly.app

SwiftDriver TradeFly normal arm64 com.apple.xcode.tools.swift.compiler (in target 'TradeFly' from project 'TradeFly')
    cd /Users/rioallen/Documents/DropFly-OS-App-Builder/DropFly-PROJECTS/TradeFly-iOS
    builtin-SwiftDriver -- /Applications/Xcode.app/Contents/Developer/Toolchains/XcodeDefault.xctoolchain/usr/bin/swiftc -module-name TradeFly -Onone -enforce-exclusivity\=checked @/Users/rioallen/Library/Developer/Xcode/DerivedData/TradeFly-cjeitwgqikminlegqmjwowkwbezn/Build/Intermediates.noindex/TradeFly.build/Debug-iphonesimulator/TradeFly.build/Objects-normal/arm64/TradeFly.SwiftFileList -DDEBUG -default-isolation\=MainActor -enable-bare-slash-regex -enable-upcoming-feature DisableOutwardActorInference -enable-upcoming-feature InferSendableFromCaptures -enable-upcoming-feature GlobalActorIsolatedTypesUsability -enable-upcoming-feature MemberImportVisibility -enable-upcoming-feature InferIsolatedConformances -enable-upcoming-feature NonisolatedNonsendingByDefault -enable-experimental-feature DebugDescriptionMacro -sdk /Applications/Xcode.app/Contents/Developer/Platforms/iPhoneSimulator.platform/Developer/SDKs/iPhoneSimulator26.1.sdk -target arm64-apple-ios17.0-simulator -g -module-cache-path /Users/rioallen/Library/Developer/Xcode/DerivedData/ModuleCache.noindex -Xfrontend -serialize-debugging-options -enable-testing -index-store-path /Users/rioallen/Library/Developer/Xcode/DerivedData/TradeFly-cjeitwgqikminlegqmjwowkwbezn/Index.noindex/DataStore -Xcc -D_LIBCPP_HARDENING_MODE\=_LIBCPP_HARDENING_MODE_DEBUG -swift-version 5 -I /Users/rioallen/Library/Developer/Xcode/DerivedData/TradeFly-cjeitwgqikminlegqmjwowkwbezn/Build/Products/Debug-iphonesimulator -F /Users/rioallen/Library/Developer/Xcode/DerivedData/TradeFly-cjeitwgqikminlegqmjwowkwbezn/Build/Products/Debug-iphonesimulator/PackageFrameworks -F /Users/rioallen/Library/Developer/Xcode/DerivedData/TradeFly-cjeitwgqikminlegqmjwowkwbezn/Build/Products/Debug-iphonesimulator/PackageFrameworks -F /Users/rioallen/Library/Developer/Xcode/DerivedData/TradeFly-cjeitwgqikminlegqmjwowkwbezn/Build/Products/Debug-iphonesimulator/PackageFrameworks -F /Users/rioallen/Library/Developer/Xcode/DerivedData/TradeFly-cjeitwgqikminlegqmjwowkwbezn/Build/Products/Debug-iphonesimulator/PackageFrameworks -F /Users/rioallen/Library/Developer/Xcode/DerivedData/TradeFly-cjeitwgqikminlegqmjwowkwbezn/Build/Products/Debug-iphonesimulator/PackageFrameworks -F /Users/rioallen/Library/Developer/Xcode/DerivedData/TradeFly-cjeitwgqikminlegqmjwowkwbezn/Build/Products/Debug-iphonesimulator/PackageFrameworks -F /Users/rioallen/Library/Developer/Xcode/DerivedData/TradeFly-cjeitwgqikminlegqmjwowkwbezn/Build/Products/Debug-iphonesimulator/PackageFrameworks -F /Users/rioallen/Library/Developer/Xcode/DerivedData/TradeFly-cjeitwgqikminlegqmjwowkwbezn/Build/Products/Debug-iphonesimulator/PackageFrameworks -F /Users/rioallen/Library/Developer/Xcode/DerivedData/TradeFly-cjeitwgqikminlegqmjwowkwbezn/Build/Products/Debug-iphonesimulator/PackageFrameworks -F /Users/rioallen/Library/Developer/Xcode/DerivedData/TradeFly-cjeitwgqikminlegqmjwowkwbezn/Build/Products/Debug-iphonesimulator/PackageFrameworks -F /Users/rioallen/Library/Developer/Xcode/DerivedData/TradeFly-cjeitwgqikminlegqmjwowkwbezn/Build/Products/Debug-iphonesimulator/PackageFrameworks -F /Users/rioallen/Library/Developer/Xcode/DerivedData/TradeFly-cjeitwgqikminlegqmjwowkwbezn/Build/Products/Debug-iphonesimulator/PackageFrameworks -F /Users/rioallen/Library/Developer/Xcode/DerivedData/TradeFly-cjeitwgqikminlegqmjwowkwbezn/Build/Products/Debug-iphonesimulator/PackageFrameworks -F /Users/rioallen/Library/Developer/Xcode/DerivedData/TradeFly-cjeitwgqikminlegqmjwowkwbezn/Build/Products/Debug-iphonesimulator/PackageFrameworks -F /Users/rioallen/Library/Developer/Xcode/DerivedData/TradeFly-cjeitwgqikminlegqmjwowkwbezn/Build/Products/Debug-iphonesimulator -emit-localized-strings -emit-localized-strings-path /Users/rioallen/Library/Developer/Xcode/DerivedData/TradeFly-cjeitwgqikminlegqmjwowkwbezn/Build/Intermediates.noindex/TradeFly.build/Debug-iphonesimulator/TradeFly.build/Objects-normal/arm64 -c -j16 -enable-batch-mode -incremental -Xcc -ivfsstatcache -Xcc /Users/rioallen/Library/Developer/Xcode/DerivedData/SDKStatCaches.noindex/iphonesimulator26.1-23B77-90cf18a4295e390e64c810bc6bd7acbc.sdkstatcache -output-file-map /Users/rioallen/Library/Developer/Xcode/DerivedData/TradeFly-cjeitwgqikminlegqmjwowkwbezn/Build/Intermediates.noindex/TradeFly.build/Debug-iphonesimulator/TradeFly.build/Objects-normal/arm64/TradeFly-OutputFileMap.json -use-frontend-parseable-output -save-temps -no-color-diagnostics -explicit-module-build -module-cache-path /Users/rioallen/Library/Developer/Xcode/DerivedData/TradeFly-cjeitwgqikminlegqmjwowkwbezn/Build/Intermediates.noindex/SwiftExplicitPrecompiledModules -clang-scanner-module-cache-path /Users/rioallen/Library/Developer/Xcode/DerivedData/ModuleCache.noindex -sdk-module-cache-path /Users/rioallen/Library/Developer/Xcode/DerivedData/ModuleCache.noindex -serialize-diagnostics -emit-dependencies -emit-module -emit-module-path /Users/rioallen/Library/Developer/Xcode/DerivedData/TradeFly-cjeitwgqikminlegqmjwowkwbezn/Build/Intermediates.noindex/TradeFly.build/Debug-iphonesimulator/TradeFly.build/Objects-normal/arm64/TradeFly.swiftmodule -validate-clang-modules-once -clang-build-session-file /Users/rioallen/Library/Developer/Xcode/DerivedData/ModuleCache.noindex/Session.modulevalidation -Xcc -I/Users/rioallen/Library/Developer/Xcode/DerivedData/TradeFly-cjeitwgqikminlegqmjwowkwbezn/Build/Intermediates.noindex/TradeFly.build/Debug-iphonesimulator/TradeFly.build/swift-overrides.hmap -emit-const-values -Xfrontend -const-gather-protocols-file -Xfrontend /Users/rioallen/Library/Developer/Xcode/DerivedData/TradeFly-cjeitwgqikminlegqmjwowkwbezn/Build/Intermediates.noindex/TradeFly.build/Debug-iphonesimulator/TradeFly.build/Objects-normal/arm64/TradeFly_const_extract_protocols.json -Xcc -iquote -Xcc /Users/rioallen/Library/Developer/Xcode/DerivedData/TradeFly-cjeitwgqikminlegqmjwowkwbezn/Build/Intermediates.noindex/TradeFly.build/Debug-iphonesimulator/TradeFly.build/TradeFly-generated-files.hmap -Xcc -I/Users/rioallen/Library/Developer/Xcode/DerivedData/TradeFly-cjeitwgqikminlegqmjwowkwbezn/Build/Intermediates.noindex/TradeFly.build/Debug-iphonesimulator/TradeFly.build/TradeFly-own-target-headers.hmap -Xcc -I/Users/rioallen/Library/Developer/Xcode/DerivedData/TradeFly-cjeitwgqikminlegqmjwowkwbezn/Build/Intermediates.noindex/TradeFly.build/Debug-iphonesimulator/TradeFly.build/TradeFly-all-non-framework-target-headers.hmap -Xcc -ivfsoverlay -Xcc /Users/rioallen/Library/Developer/Xcode/DerivedData/TradeFly-cjeitwgqikminlegqmjwowkwbezn/Build/Intermediates.noindex/TradeFly.build/Debug-iphonesimulator/TradeFly-3dcd57b2f90878239de327cebf0dd120-VFS-iphonesimulator/all-product-headers.yaml -Xcc -iquote -Xcc /Users/rioallen/Library/Developer/Xcode/DerivedData/TradeFly-cjeitwgqikminlegqmjwowkwbezn/Build/Intermediates.noindex/TradeFly.build/Debug-iphonesimulator/TradeFly.build/TradeFly-project-headers.hmap -Xcc -I/Users/rioallen/Library/Developer/Xcode/DerivedData/TradeFly-cjeitwgqikminlegqmjwowkwbezn/Build/Products/Debug-iphonesimulator/include -Xcc -I/Users/rioallen/Library/Developer/Xcode/DerivedData/TradeFly-cjeitwgqikminlegqmjwowkwbezn/Build/Intermediates.noindex/TradeFly.build/Debug-iphonesimulator/TradeFly.build/DerivedSources-normal/arm64 -Xcc -I/Users/rioallen/Library/Developer/Xcode/DerivedData/TradeFly-cjeitwgqikminlegqmjwowkwbezn/Build/Intermediates.noindex/TradeFly.build/Debug-iphonesimulator/TradeFly.build/DerivedSources/arm64 -Xcc -I/Users/rioallen/Library/Developer/Xcode/DerivedData/TradeFly-cjeitwgqikminlegqmjwowkwbezn/Build/Intermediates.noindex/TradeFly.build/Debug-iphonesimulator/TradeFly.build/DerivedSources -Xcc -DDEBUG\=1 -emit-objc-header -emit-objc-header-path /Users/rioallen/Library/Developer/Xcode/DerivedData/TradeFly-cjeitwgqikminlegqmjwowkwbezn/Build/Intermediates.noindex/TradeFly.build/Debug-iphonesimulator/TradeFly.build/Objects-normal/arm64/TradeFly-Swift.h -working-directory /Users/rioallen/Documents/DropFly-OS-App-Builder/DropFly-PROJECTS/TradeFly-iOS -experimental-emit-module-separately -disable-cmo

SwiftEmitModule normal arm64 Emitting\ module\ for\ TradeFly (in target 'TradeFly' from project 'TradeFly')
EmitSwiftModule normal arm64 (in target 'TradeFly' from project 'TradeFly')
    cd /Users/rioallen/Documents/DropFly-OS-App-Builder/DropFly-PROJECTS/TradeFly-iOS
    

SwiftCompile normal arm64 Compiling\ GeneratedAssetSymbols.swift /Users/rioallen/Library/Developer/Xcode/DerivedData/TradeFly-cjeitwgqikminlegqmjwowkwbezn/Build/Intermediates.noindex/TradeFly.build/Debug-iphonesimulator/TradeFly.build/DerivedSources/GeneratedAssetSymbols.swift (in target 'TradeFly' from project 'TradeFly')

SwiftCompile normal arm64 /Users/rioallen/Library/Developer/Xcode/DerivedData/TradeFly-cjeitwgqikminlegqmjwowkwbezn/Build/Intermediates.noindex/TradeFly.build/Debug-iphonesimulator/TradeFly.build/DerivedSources/GeneratedAssetSymbols.swift (in target 'TradeFly' from project 'TradeFly')
    cd /Users/rioallen/Documents/DropFly-OS-App-Builder/DropFly-PROJECTS/TradeFly-iOS
    

SwiftCompile normal arm64 Compiling\ SupabaseService.swift /Users/rioallen/Documents/DropFly-OS-App-Builder/DropFly-PROJECTS/TradeFly-iOS/TradeFly/Services/SupabaseService.swift (in target 'TradeFly' from project 'TradeFly')
Failed frontend command:
/Applications/Xcode.app/Contents/Developer/Toolchains/XcodeDefault.xctoolchain/usr/bin/swift-frontend -frontend -c /Users/rioallen/Documents/DropFly-OS-App-Builder/DropFly-PROJECTS/TradeFly-iOS/TradeFly/Config/SupabaseConfig.swift /Users/rioallen/Documents/DropFly-OS-App-Builder/DropFly-PROJECTS/TradeFly-iOS/TradeFly/Models/ChartIndicator.swift /Users/rioallen/Documents/DropFly-OS-App-Builder/DropFly-PROJECTS/TradeFly-iOS/TradeFly/Models/LearningModule.swift /Users/rioallen/Documents/DropFly-OS-App-Builder/DropFly-PROJECTS/TradeFly-iOS/TradeFly/Models/Trade.swift /Users/rioallen/Documents/DropFly-OS-App-Builder/DropFly-PROJECTS/TradeFly-iOS/TradeFly/Models/TradingSignal.swift /Users/rioallen/Documents/DropFly-OS-App-Builder/DropFly-PROJECTS/TradeFly-iOS/TradeFly/Models/UserSettings.swift /Users/rioallen/Documents/DropFly-OS-App-Builder/DropFly-PROJECTS/TradeFly-iOS/TradeFly/Services/APIClient.swift /Users/rioallen/Documents/DropFly-OS-App-Builder/DropFly-PROJECTS/TradeFly-iOS/TradeFly/Services/NotificationManager.swift /Users/rioallen/Documents/DropFly-OS-App-Builder/DropFly-PROJECTS/TradeFly-iOS/TradeFly/Services/SignalService.swift -primary-file /Users/rioallen/Documents/DropFly-OS-App-Builder/DropFly-PROJECTS/TradeFly-iOS/TradeFly/Services/SupabaseService.swift /Users/rioallen/Documents/DropFly-OS-App-Builder/DropFly-PROJECTS/TradeFly-iOS/TradeFly/Views/Auth/AuthView.swift /Users/rioallen/Documents/DropFly-OS-App-Builder/DropFly-PROJECTS/TradeFly-iOS/TradeFly/Views/Onboarding/OnboardingFlow.swift /Users/rioallen/Documents/DropFly-OS-App-Builder/DropFly-PROJECTS/TradeFly-iOS/TradeFly/Views/AdvancedChartView.swift /Users/rioallen/Documents/DropFly-OS-App-Builder/DropFly-PROJECTS/TradeFly-iOS/TradeFly/Views/ChartsTabView.swift /Users/rioallen/Documents/DropFly-OS-App-Builder/DropFly-PROJECTS/TradeFly-iOS/TradeFly/Views/ChartView.swift /Users/rioallen/Documents/DropFly-OS-App-Builder/DropFly-PROJECTS/TradeFly-iOS/TradeFly/Views/ContentView.swift /Users/rioallen/Documents/DropFly-OS-App-Builder/DropFly-PROJECTS/TradeFly-iOS/TradeFly/Views/HomeView.swift /Users/rioallen/Documents/DropFly-OS-App-Builder/DropFly-PROJECTS/TradeFly-iOS/TradeFly/Views/LearnView.swift /Users/rioallen/Documents/DropFly-OS-App-Builder/DropFly-PROJECTS/TradeFly-iOS/TradeFly/Views/LessonDetailView.swift /Users/rioallen/Documents/DropFly-OS-App-Builder/DropFly-PROJECTS/TradeFly-iOS/TradeFly/Views/MarketStatusBanner.swift /Users/rioallen/Documents/DropFly-OS-App-Builder/DropFly-PROJECTS/TradeFly-iOS/TradeFly/Views/MarketsView.swift /Users/rioallen/Documents/DropFly-OS-App-Builder/DropFly-PROJECTS/TradeFly-iOS/TradeFly/Views/SettingsView.swift /Users/rioallen/Documents/DropFly-OS-App-Builder/DropFly-PROJECTS/TradeFly-iOS/TradeFly/Views/SignalDetailView.swift /Users/rioallen/Documents/DropFly-OS-App-Builder/DropFly-PROJECTS/TradeFly-iOS/TradeFly/Views/SignalsView.swift /Users/rioallen/Documents/DropFly-OS-App-Builder/DropFly-PROJECTS/TradeFly-iOS/TradeFly/Views/TradesView.swift /Users/rioallen/Documents/DropFly-OS-App-Builder/DropFly-PROJECTS/TradeFly-iOS/TradeFly/TradeFlyApp.swift /Users/rioallen/Library/Developer/Xcode/DerivedData/TradeFly-cjeitwgqikminlegqmjwowkwbezn/Build/Intermediates.noindex/TradeFly.build/Debug-iphonesimulator/TradeFly.build/DerivedSources/GeneratedAssetSymbols.swift -emit-dependencies-path /Users/rioallen/Library/Developer/Xcode/DerivedData/TradeFly-cjeitwgqikminlegqmjwowkwbezn/Build/Intermediates.noindex/TradeFly.build/Debug-iphonesimulator/TradeFly.build/Objects-normal/arm64/SupabaseService.d -emit-const-values-path /Users/rioallen/Library/Developer/Xcode/DerivedData/TradeFly-cjeitwgqikminlegqmjwowkwbezn/Build/Intermediates.noindex/TradeFly.build/Debug-iphonesimulator/TradeFly.build/Objects-normal/arm64/SupabaseService.swiftconstvalues -emit-reference-dependencies-path /Users/rioallen/Library/Developer/Xcode/DerivedData/TradeFly-cjeitwgqikminlegqmjwowkwbezn/Build/Intermediates.noindex/TradeFly.build/Debug-iphonesimulator/TradeFly.build/Objects-normal/arm64/SupabaseService.swiftdeps -serialize-diagnostics-path /Users/rioallen/Library/Developer/Xcode/DerivedData/TradeFly-cjeitwgqikminlegqmjwowkwbezn/Build/Intermediates.noindex/TradeFly.build/Debug-iphonesimulator/TradeFly.build/Objects-normal/arm64/SupabaseService.dia -emit-localized-strings -emit-localized-strings-path /Users/rioallen/Library/Developer/Xcode/DerivedData/TradeFly-cjeitwgqikminlegqmjwowkwbezn/Build/Intermediates.noindex/TradeFly.build/Debug-iphonesimulator/TradeFly.build/Objects-normal/arm64 -target arm64-apple-ios17.0-simulator -module-can-import-version DeveloperToolsSupport 23.0.4 23.0.4 -module-can-import-version SwiftUI 7.1.13.1 7.1.13 -module-can-import-version UIKit 9126.1.12.1 9126.1.12 -disable-cross-import-overlay-search -swift-module-cross-import WebKit /Applications/Xcode.app/Contents/Developer/Platforms/iPhoneSimulator.platform/Developer/SDKs/iPhoneSimulator.sdk/System/Cryptexes/OS/System/Library/Frameworks/WebKit.framework/Modules/WebKit.swiftcrossimport/SwiftUI.swiftoverlay -swift-module-cross-import WebKit /Applications/Xcode.app/Contents/Developer/Platforms/iPhoneSimulator.platform/Developer/SDKs/iPhoneSimulator26.1.sdk/System/Library/Frameworks/WebKit.framework/Modules/WebKit.swiftcrossimport/SwiftUI.swiftoverlay -load-resolved-plugin /Applications/Xcode.app/Contents/Developer/Platforms/iPhoneOS.platform/Developer/usr/lib/swift/host/plugins/libFoundationMacros.dylib\#/Applications/Xcode.app/Contents/Developer/Platforms/iPhoneOS.platform/Developer/usr/bin/swift-plugin-server\#FoundationMacros -load-resolved-plugin /Applications/Xcode.app/Contents/Developer/Platforms/iPhoneOS.platform/Developer/usr/lib/swift/host/plugins/libObservationMacros.dylib\#/Applications/Xcode.app/Contents/Developer/Platforms/iPhoneOS.platform/Developer/usr/bin/swift-plugin-server\#ObservationMacros -load-resolved-plugin /Applications/Xcode.app/Contents/Developer/Platforms/iPhoneOS.platform/Developer/usr/lib/swift/host/plugins/libPreviewsMacros.dylib\#/Applications/Xcode.app/Contents/Developer/Platforms/iPhoneOS.platform/Developer/usr/bin/swift-plugin-server\#PreviewsMacros -load-resolved-plugin /Applications/Xcode.app/Contents/Developer/Platforms/iPhoneOS.platform/Developer/usr/lib/swift/host/plugins/libSwiftMacros.dylib\#/Applications/Xcode.app/Contents/Developer/Platforms/iPhoneOS.platform/Developer/usr/bin/swift-plugin-server\#SwiftMacros -load-resolved-plugin /Applications/Xcode.app/Contents/Developer/Platforms/iPhoneOS.platform/Developer/usr/lib/swift/host/plugins/libSwiftUIMacros.dylib\#/Applications/Xcode.app/Contents/Developer/Platforms/iPhoneOS.platform/Developer/usr/bin/swift-plugin-server\#SwiftUIMacros -disable-implicit-swift-modules -Xcc -fno-implicit-modules -Xcc -fno-implicit-module-maps -explicit-swift-module-map-file /Users/rioallen/Library/Developer/Xcode/DerivedData/TradeFly-cjeitwgqikminlegqmjwowkwbezn/Build/Intermediates.noindex/TradeFly.build/Debug-iphonesimulator/TradeFly.build/Objects-normal/arm64/TradeFly-dependencies-1.json -Xllvm -aarch64-use-tbi -enable-objc-interop -sdk /Applications/Xcode.app/Contents/Developer/Platforms/iPhoneSimulator.platform/Developer/SDKs/iPhoneSimulator26.1.sdk -I /Users/rioallen/Library/Developer/Xcode/DerivedData/TradeFly-cjeitwgqikminlegqmjwowkwbezn/Build/Products/Debug-iphonesimulator -F /Users/rioallen/Library/Developer/Xcode/DerivedData/TradeFly-cjeitwgqikminlegqmjwowkwbezn/Build/Products/Debug-iphonesimulator/PackageFrameworks -F /Users/rioallen/Library/Developer/Xcode/DerivedData/TradeFly-cjeitwgqikminlegqmjwowkwbezn/Build/Products/Debug-iphonesimulator/PackageFrameworks -F /Users/rioallen/Library/Developer/Xcode/DerivedData/TradeFly-cjeitwgqikminlegqmjwowkwbezn/Build/Products/Debug-iphonesimulator/PackageFrameworks -F /Users/rioallen/Library/Developer/Xcode/DerivedData/TradeFly-cjeitwgqikminlegqmjwowkwbezn/Build/Products/Debug-iphonesimulator/PackageFrameworks -F /Users/rioallen/Library/Developer/Xcode/DerivedData/TradeFly-cjeitwgqikminlegqmjwowkwbezn/Build/Products/Debug-iphonesimulator/PackageFrameworks -F /Users/rioallen/Library/Developer/Xcode/DerivedData/TradeFly-cjeitwgqikminlegqmjwowkwbezn/Build/Products/Debug-iphonesimulator/PackageFrameworks -F /Users/rioallen/Library/Developer/Xcode/DerivedData/TradeFly-cjeitwgqikminlegqmjwowkwbezn/Build/Products/Debug-iphonesimulator/PackageFrameworks -F /Users/rioallen/Library/Developer/Xcode/DerivedData/TradeFly-cjeitwgqikminlegqmjwowkwbezn/Build/Products/Debug-iphonesimulator/PackageFrameworks -F /Users/rioallen/Library/Developer/Xcode/DerivedData/TradeFly-cjeitwgqikminlegqmjwowkwbezn/Build/Products/Debug-iphonesimulator/PackageFrameworks -F /Users/rioallen/Library/Developer/Xcode/DerivedData/TradeFly-cjeitwgqikminlegqmjwowkwbezn/Build/Products/Debug-iphonesimulator/PackageFrameworks -F /Users/rioallen/Library/Developer/Xcode/DerivedData/TradeFly-cjeitwgqikminlegqmjwowkwbezn/Build/Products/Debug-iphonesimulator/PackageFrameworks -F /Users/rioallen/Library/Developer/Xcode/DerivedData/TradeFly-cjeitwgqikminlegqmjwowkwbezn/Build/Products/Debug-iphonesimulator/PackageFrameworks -F /Users/rioallen/Library/Developer/Xcode/DerivedData/TradeFly-cjeitwgqikminlegqmjwowkwbezn/Build/Products/Debug-iphonesimulator/PackageFrameworks -F /Users/rioallen/Library/Developer/Xcode/DerivedData/TradeFly-cjeitwgqikminlegqmjwowkwbezn/Build/Products/Debug-iphonesimulator/PackageFrameworks -F /Users/rioallen/Library/Developer/Xcode/DerivedData/TradeFly-cjeitwgqikminlegqmjwowkwbezn/Build/Products/Debug-iphonesimulator -no-color-diagnostics -Xcc -fno-color-diagnostics -enable-testing -g -debug-info-format\=dwarf -dwarf-version\=4 -module-cache-path /Users/rioallen/Library/Developer/Xcode/DerivedData/TradeFly-cjeitwgqikminlegqmjwowkwbezn/Build/Intermediates.noindex/SwiftExplicitPrecompiledModules -swift-version 5 -enforce-exclusivity\=checked -Onone -D DEBUG -serialize-debugging-options -const-gather-protocols-file /Users/rioallen/Library/Developer/Xcode/DerivedData/TradeFly-cjeitwgqikminlegqmjwowkwbezn/Build/Intermediates.noindex/TradeFly.build/Debug-iphonesimulator/TradeFly.build/Objects-normal/arm64/TradeFly_const_extract_protocols.json -enable-upcoming-feature DisableOutwardActorInference -enable-upcoming-feature InferSendableFromCaptures -enable-upcoming-feature GlobalActorIsolatedTypesUsability -enable-upcoming-feature MemberImportVisibility -enable-upcoming-feature InferIsolatedConformances -enable-upcoming-feature NonisolatedNonsendingByDefault -enable-experimental-feature DebugDescriptionMacro -enable-bare-slash-regex -default-isolation\=MainActor -empty-abi-descriptor -validate-clang-modules-once -clang-build-session-file /Users/rioallen/Library/Developer/Xcode/DerivedData/ModuleCache.noindex/Session.modulevalidation -Xcc -working-directory -Xcc /Users/rioallen/Documents/DropFly-OS-App-Builder/DropFly-PROJECTS/TradeFly-iOS -enable-anonymous-context-mangled-names -file-compilation-dir /Users/rioallen/Documents/DropFly-OS-App-Builder/DropFly-PROJECTS/TradeFly-iOS -Xcc -D_LIBCPP_HARDENING_MODE\=_LIBCPP_HARDENING_MODE_DEBUG -Xcc -ivfsstatcache -Xcc /Users/rioallen/Library/Developer/Xcode/DerivedData/SDKStatCaches.noindex/iphonesimulator26.1-23B77-90cf18a4295e390e64c810bc6bd7acbc.sdkstatcache -Xcc -I/Users/rioallen/Library/Developer/Xcode/DerivedData/TradeFly-cjeitwgqikminlegqmjwowkwbezn/Build/Intermediates.noindex/TradeFly.build/Debug-iphonesimulator/TradeFly.build/swift-overrides.hmap -Xcc -iquote -Xcc /Users/rioallen/Library/Developer/Xcode/DerivedData/TradeFly-cjeitwgqikminlegqmjwowkwbezn/Build/Intermediates.noindex/TradeFly.build/Debug-iphonesimulator/TradeFly.build/TradeFly-generated-files.hmap -Xcc -I/Users/rioallen/Library/Developer/Xcode/DerivedData/TradeFly-cjeitwgqikminlegqmjwowkwbezn/Build/Intermediates.noindex/TradeFly.build/Debug-iphonesimulator/TradeFly.build/TradeFly-own-target-headers.hmap -Xcc -I/Users/rioallen/Library/Developer/Xcode/DerivedData/TradeFly-cjeitwgqikminlegqmjwowkwbezn/Build/Intermediates.noindex/TradeFly.build/Debug-iphonesimulator/TradeFly.build/TradeFly-all-non-framework-target-headers.hmap -Xcc -ivfsoverlay -Xcc /Users/rioallen/Library/Developer/Xcode/DerivedData/TradeFly-cjeitwgqikminlegqmjwowkwbezn/Build/Intermediates.noindex/TradeFly.build/Debug-iphonesimulator/TradeFly-3dcd57b2f90878239de327cebf0dd120-VFS-iphonesimulator/all-product-headers.yaml -Xcc -iquote -Xcc /Users/rioallen/Library/Developer/Xcode/DerivedData/TradeFly-cjeitwgqikminlegqmjwowkwbezn/Build/Intermediates.noindex/TradeFly.build/Debug-iphonesimulator/TradeFly.build/TradeFly-project-headers.hmap -Xcc -I/Users/rioallen/Library/Developer/Xcode/DerivedData/TradeFly-cjeitwgqikminlegqmjwowkwbezn/Build/Products/Debug-iphonesimulator/include -Xcc -I/Users/rioallen/Library/Developer/Xcode/DerivedData/TradeFly-cjeitwgqikminlegqmjwowkwbezn/Build/Intermediates.noindex/TradeFly.build/Debug-iphonesimulator/TradeFly.build/DerivedSources-normal/arm64 -Xcc -I/Users/rioallen/Library/Developer/Xcode/DerivedData/TradeFly-cjeitwgqikminlegqmjwowkwbezn/Build/Intermediates.noindex/TradeFly.build/Debug-iphonesimulator/TradeFly.build/DerivedSources/arm64 -Xcc -I/Users/rioallen/Library/Developer/Xcode/DerivedData/TradeFly-cjeitwgqikminlegqmjwowkwbezn/Build/Intermediates.noindex/TradeFly.build/Debug-iphonesimulator/TradeFly.build/DerivedSources -Xcc -DDEBUG\=1 -no-auto-bridging-header-chaining -module-name TradeFly -frontend-parseable-output -disable-clang-spi -target-sdk-version 26.1 -target-sdk-name iphonesimulator26.1 -clang-target arm64-apple-ios26.1-simulator -in-process-plugin-server-path /Applications/Xcode.app/Contents/Developer/Toolchains/XcodeDefault.xctoolchain/usr/lib/swift/host/libSwiftInProcPluginServer.dylib -o /Users/rioallen/Library/Developer/Xcode/DerivedData/TradeFly-cjeitwgqikminlegqmjwowkwbezn/Build/Intermediates.noindex/TradeFly.build/Debug-iphonesimulator/TradeFly.build/Objects-normal/arm64/SupabaseService.o -index-unit-output-path /TradeFly.build/Debug-iphonesimulator/TradeFly.build/Objects-normal/arm64/SupabaseService.o -index-store-path /Users/rioallen/Library/Developer/Xcode/DerivedData/TradeFly-cjeitwgqikminlegqmjwowkwbezn/Index.noindex/DataStore -index-system-modules

SwiftCompile normal arm64 /Users/rioallen/Documents/DropFly-OS-App-Builder/DropFly-PROJECTS/TradeFly-iOS/TradeFly/Services/SupabaseService.swift (in target 'TradeFly' from project 'TradeFly')
    cd /Users/rioallen/Documents/DropFly-OS-App-Builder/DropFly-PROJECTS/TradeFly-iOS
    
/Users/rioallen/Documents/DropFly-OS-App-Builder/DropFly-PROJECTS/TradeFly-iOS/TradeFly/Services/SupabaseService.swift:241:18: error: value of type 'AsyncStream<InsertAction>' has no member 'eq'
                .eq("is_active", value: true)
                 ^~

SwiftDriverJobDiscovery normal arm64 Compiling GeneratedAssetSymbols.swift (in target 'TradeFly' from project 'TradeFly')

SwiftCompile normal arm64 Compiling\ ChartsTabView.swift /Users/rioallen/Documents/DropFly-OS-App-Builder/DropFly-PROJECTS/TradeFly-iOS/TradeFly/Views/ChartsTabView.swift (in target 'TradeFly' from project 'TradeFly')

SwiftCompile normal arm64 Compiling\ AdvancedChartView.swift /Users/rioallen/Documents/DropFly-OS-App-Builder/DropFly-PROJECTS/TradeFly-iOS/TradeFly/Views/AdvancedChartView.swift (in target 'TradeFly' from project 'TradeFly')

SwiftCompile normal arm64 Compiling\ AuthView.swift /Users/rioallen/Documents/DropFly-OS-App-Builder/DropFly-PROJECTS/TradeFly-iOS/TradeFly/Views/Auth/AuthView.swift (in target 'TradeFly' from project 'TradeFly')

SwiftCompile normal arm64 Compiling\ OnboardingFlow.swift /Users/rioallen/Documents/DropFly-OS-App-Builder/DropFly-PROJECTS/TradeFly-iOS/TradeFly/Views/Onboarding/OnboardingFlow.swift (in target 'TradeFly' from project 'TradeFly')

SwiftCompile normal arm64 Compiling\ ChartView.swift /Users/rioallen/Documents/DropFly-OS-App-Builder/DropFly-PROJECTS/TradeFly-iOS/TradeFly/Views/ChartView.swift (in target 'TradeFly' from project 'TradeFly')

SwiftCompile normal arm64 Compiling\ MarketStatusBanner.swift /Users/rioallen/Documents/DropFly-OS-App-Builder/DropFly-PROJECTS/TradeFly-iOS/TradeFly/Views/MarketStatusBanner.swift (in target 'TradeFly' from project 'TradeFly')

SwiftCompile normal arm64 Compiling\ MarketsView.swift /Users/rioallen/Documents/DropFly-OS-App-Builder/DropFly-PROJECTS/TradeFly-iOS/TradeFly/Views/MarketsView.swift (in target 'TradeFly' from project 'TradeFly')

SwiftCompile normal arm64 Compiling\ SignalsView.swift /Users/rioallen/Documents/DropFly-OS-App-Builder/DropFly-PROJECTS/TradeFly-iOS/TradeFly/Views/SignalsView.swift (in target 'TradeFly' from project 'TradeFly')

SwiftCompile normal arm64 Compiling\ LessonDetailView.swift /Users/rioallen/Documents/DropFly-OS-App-Builder/DropFly-PROJECTS/TradeFly-iOS/TradeFly/Views/LessonDetailView.swift (in target 'TradeFly' from project 'TradeFly')

SwiftCompile normal arm64 Compiling\ SignalDetailView.swift /Users/rioallen/Documents/DropFly-OS-App-Builder/DropFly-PROJECTS/TradeFly-iOS/TradeFly/Views/SignalDetailView.swift (in target 'TradeFly' from project 'TradeFly')

SwiftCompile normal arm64 Compiling\ HomeView.swift /Users/rioallen/Documents/DropFly-OS-App-Builder/DropFly-PROJECTS/TradeFly-iOS/TradeFly/Views/HomeView.swift (in target 'TradeFly' from project 'TradeFly')

SwiftCompile normal arm64 Compiling\ LearnView.swift /Users/rioallen/Documents/DropFly-OS-App-Builder/DropFly-PROJECTS/TradeFly-iOS/TradeFly/Views/LearnView.swift (in target 'TradeFly' from project 'TradeFly')

SwiftCompile normal arm64 Compiling\ SettingsView.swift /Users/rioallen/Documents/DropFly-OS-App-Builder/DropFly-PROJECTS/TradeFly-iOS/TradeFly/Views/SettingsView.swift (in target 'TradeFly' from project 'TradeFly')

SwiftCompile normal arm64 Compiling\ ContentView.swift /Users/rioallen/Documents/DropFly-OS-App-Builder/DropFly-PROJECTS/TradeFly-iOS/TradeFly/Views/ContentView.swift (in target 'TradeFly' from project 'TradeFly')

** BUILD FAILED **


The following build commands failed:
	SwiftCompile normal arm64 Compiling\ SupabaseService.swift /Users/rioallen/Documents/DropFly-OS-App-Builder/DropFly-PROJECTS/TradeFly-iOS/TradeFly/Services/SupabaseService.swift (in target 'TradeFly' from project 'TradeFly')
	SwiftCompile normal arm64 /Users/rioallen/Documents/DropFly-OS-App-Builder/DropFly-PROJECTS/TradeFly-iOS/TradeFly/Services/SupabaseService.swift (in target 'TradeFly' from project 'TradeFly')
	Building project TradeFly with scheme TradeFly
(3 failures)
